This file contains any messages produced by compilers while
running configure, to aid debugging if configure makes a mistake.

It was created by HTSlib configure 1.9, which was
generated by GNU Autoconf 2.69.  Invocation command line was

  $ ./configure --prefix=/home/joshuac/hypo_assembler_git_final/hypo-assembler/scaffold/libs/htslib-1.9 --disable-bz2 --disable-lzma

## --------- ##
## Platform. ##
## --------- ##

hostname = genome2
uname -m = x86_64
uname -r = 5.4.0-164-generic
uname -s = Linux
uname -v = #181-Ubuntu SMP Fri Sep 1 13:41:22 UTC 2023

/usr/bin/uname -p = x86_64
/bin/uname -X     = unknown

/bin/arch              = x86_64
/usr/bin/arch -k       = unknown
/usr/convex/getsysinfo = unknown
/usr/bin/hostinfo      = unknown
/bin/machine           = unknown
/usr/bin/oslevel       = unknown
/bin/universe          = unknown

PATH: /home/joshuac/.local/bin
PATH: /home/joshuac/.cargo/bin
PATH: /home/joshuac/.usr/local/bin
PATH: /home/joshuac/kmc3
PATH: /home/joshuac/bedtools2/bin
PATH: /home/joshuac/minimap2-2.22_x64-linux
PATH: /home/joshuac/samtools-1.18
PATH: /home/joshuac/quast-5.2.0
PATH: /home/joshuac/anaconda3/bin
PATH: /home/joshuac/anaconda3/condabin
PATH: /usr/local/sbin
PATH: /usr/local/bin
PATH: /usr/sbin
PATH: /usr/bin
PATH: /sbin
PATH: /bin
PATH: /usr/games
PATH: /usr/local/games
PATH: /snap/bin


## ----------- ##
## Core tests. ##
## ----------- ##

configure:2191: checking for gcc
configure:2207: found /usr/bin/gcc
configure:2218: result: gcc
configure:2447: checking for C compiler version
configure:2456: gcc --version >&5
gcc (Ubuntu 9.4.0-1ubuntu1~20.04.2) 9.4.0
Copyright (C) 2019 Free Software Foundation, Inc.
This is free software; see the source for copying conditions.  There is NO
warranty; not even for MERCHANTABILITY or FITNESS FOR A PARTICULAR PURPOSE.

configure:2467: $? = 0
configure:2456: gcc -v >&5
Using built-in specs.
COLLECT_GCC=gcc
COLLECT_LTO_WRAPPER=/usr/lib/gcc/x86_64-linux-gnu/9/lto-wrapper
OFFLOAD_TARGET_NAMES=nvptx-none:hsa
OFFLOAD_TARGET_DEFAULT=1
Target: x86_64-linux-gnu
Configured with: ../src/configure -v --with-pkgversion='Ubuntu 9.4.0-1ubuntu1~20.04.2' --with-bugurl=file:///usr/share/doc/gcc-9/README.Bugs --enable-languages=c,ada,c++,go,brig,d,fortran,objc,obj-c++,gm2 --prefix=/usr --with-gcc-major-version-only --program-suffix=-9 --program-prefix=x86_64-linux-gnu- --enable-shared --enable-linker-build-id --libexecdir=/usr/lib --without-included-gettext --enable-threads=posix --libdir=/usr/lib --enable-nls --enable-clocale=gnu --enable-libstdcxx-debug --enable-libstdcxx-time=yes --with-default-libstdcxx-abi=new --enable-gnu-unique-object --disable-vtable-verify --enable-plugin --enable-default-pie --with-system-zlib --with-target-system-zlib=auto --enable-objc-gc=auto --enable-multiarch --disable-werror --with-arch-32=i686 --with-abi=m64 --with-multilib-list=m32,m64,mx32 --enable-multilib --with-tune=generic --enable-offload-targets=nvptx-none=/build/gcc-9-9QDOt0/gcc-9-9.4.0/debian/tmp-nvptx/usr,hsa --without-cuda-driver --enable-checking=release --build=x86_64-linux-gnu --host=x86_64-linux-gnu --target=x86_64-linux-gnu
Thread model: posix
gcc version 9.4.0 (Ubuntu 9.4.0-1ubuntu1~20.04.2) 
configure:2467: $? = 0
configure:2456: gcc -V >&5
gcc: error: unrecognized command line option '-V'
gcc: fatal error: no input files
compilation terminated.
configure:2467: $? = 1
configure:2456: gcc -qversion >&5
gcc: error: unrecognized command line option '-qversion'; did you mean '--version'?
gcc: fatal error: no input files
compilation terminated.
configure:2467: $? = 1
configure:2487: checking whether the C compiler works
configure:2509: gcc    conftest.c  >&5
configure:2513: $? = 0
configure:2561: result: yes
configure:2564: checking for C compiler default output file name
configure:2566: result: a.out
configure:2572: checking for suffix of executables
configure:2579: gcc -o conftest    conftest.c  >&5
configure:2583: $? = 0
configure:2605: result: 
configure:2627: checking whether we are cross compiling
configure:2635: gcc -o conftest    conftest.c  >&5
configure:2639: $? = 0
configure:2646: ./conftest
configure:2650: $? = 0
configure:2638: result: no
configure:2643: checking for suffix of object files
configure:2665: gcc -c   conftest.c >&5
configure:2669: $? = 0
configure:2690: result: o
configure:2694: checking whether we are using the GNU C compiler
configure:2713: gcc -c   conftest.c >&5
configure:2713: $? = 0
configure:2722: result: yes
configure:2731: checking whether gcc accepts -g
configure:2751: gcc -c -g  conftest.c >&5
configure:2751: $? = 0
configure:2792: result: yes
configure:2809: checking for gcc option to accept ISO C89
configure:2872: gcc  -c -g -O2  conftest.c >&5
configure:2872: $? = 0
configure:2885: result: none needed
configure:2948: checking for ranlib
configure:2964: found /usr/bin/ranlib
configure:2975: result: ranlib
configure:2998: checking for grep that handles long lines and -e
configure:3056: result: /usr/bin/grep
configure:3081: checking for C compiler warning flags
configure:3194: result: -Wall
configure:3333: checking for pkg-config
configure:3351: found /usr/bin/pkg-config
configure:3363: result: /usr/bin/pkg-config
configure:3388: checking pkg-config is at least version 0.9.0
configure:3391: result: yes
configure:3430: checking for special C compiler options needed for large files
configure:3475: result: no
configure:3481: checking for _FILE_OFFSET_BITS value needed for large files
configure:3506: gcc -c  -Wall -g -O2  conftest.c >&5
configure:3506: $? = 0
configure:3538: result: no
configure:3623: checking for _LARGEFILE_SOURCE value needed for large files
configure:3642: gcc -o conftest  -Wall -g -O2   conftest.c  >&5
configure:3642: $? = 0
configure:3670: result: no
configure:3772: checking shared library type for unknown-Linux
configure:3800: result: plain .so
configure:3809: checking how to run the C preprocessor
configure:3840: gcc -E  conftest.c
configure:3840: $? = 0
configure:3854: gcc -E  conftest.c
conftest.c:10:10: fatal error: ac_nonexistent.h: No such file or directory
   10 | #include <ac_nonexistent.h>
      |          ^~~~~~~~~~~~~~~~~~
compilation terminated.
configure:3854: $? = 1
configure: failed program was:
| /* confdefs.h */
| #define PACKAGE_NAME "HTSlib"
| #define PACKAGE_TARNAME "htslib"
| #define PACKAGE_VERSION "1.9"
| #define PACKAGE_STRING "HTSlib 1.9"
| #define PACKAGE_BUGREPORT "samtools-help@lists.sourceforge.net"
| #define PACKAGE_URL "http://www.htslib.org/"
| #define HAVE_FSEEKO 1
| /* end confdefs.h.  */
| #include <ac_nonexistent.h>
configure:3879: result: gcc -E
configure:3899: gcc -E  conftest.c
configure:3899: $? = 0
configure:3913: gcc -E  conftest.c
conftest.c:10:10: fatal error: ac_nonexistent.h: No such file or directory
   10 | #include <ac_nonexistent.h>
      |          ^~~~~~~~~~~~~~~~~~
compilation terminated.
configure:3913: $? = 1
configure: failed program was:
| /* confdefs.h */
| #define PACKAGE_NAME "HTSlib"
| #define PACKAGE_TARNAME "htslib"
| #define PACKAGE_VERSION "1.9"
| #define PACKAGE_STRING "HTSlib 1.9"
| #define PACKAGE_BUGREPORT "samtools-help@lists.sourceforge.net"
| #define PACKAGE_URL "http://www.htslib.org/"
| #define HAVE_FSEEKO 1
| /* end confdefs.h.  */
| #include <ac_nonexistent.h>
configure:3942: checking for egrep
configure:4004: result: /usr/bin/grep -E
configure:4009: checking for ANSI C header files
configure:4029: gcc -c  -Wall -g -O2  conftest.c >&5
configure:4029: $? = 0
configure:4102: gcc -o conftest  -Wall -g -O2   conftest.c  >&5
configure:4102: $? = 0
configure:4102: ./conftest
configure:4102: $? = 0
configure:4113: result: yes
configure:4126: checking for sys/types.h
configure:4126: gcc -c  -Wall -g -O2  conftest.c >&5
configure:4126: $? = 0
configure:4126: result: yes
configure:4126: checking for sys/stat.h
configure:4126: gcc -c  -Wall -g -O2  conftest.c >&5
configure:4126: $? = 0
configure:4126: result: yes
configure:4126: checking for stdlib.h
configure:4126: gcc -c  -Wall -g -O2  conftest.c >&5
configure:4126: $? = 0
configure:4126: result: yes
configure:4126: checking for string.h
configure:4126: gcc -c  -Wall -g -O2  conftest.c >&5
configure:4126: $? = 0
configure:4126: result: yes
configure:4126: checking for memory.h
configure:4126: gcc -c  -Wall -g -O2  conftest.c >&5
configure:4126: $? = 0
configure:4126: result: yes
configure:4126: checking for strings.h
configure:4126: gcc -c  -Wall -g -O2  conftest.c >&5
configure:4126: $? = 0
configure:4126: result: yes
configure:4126: checking for inttypes.h
configure:4126: gcc -c  -Wall -g -O2  conftest.c >&5
configure:4126: $? = 0
configure:4126: result: yes
configure:4126: checking for stdint.h
configure:4126: gcc -c  -Wall -g -O2  conftest.c >&5
configure:4126: $? = 0
configure:4126: result: yes
configure:4126: checking for unistd.h
configure:4126: gcc -c  -Wall -g -O2  conftest.c >&5
configure:4126: $? = 0
configure:4126: result: yes
configure:4144: checking for stdlib.h
configure:4144: result: yes
configure:4144: checking for unistd.h
configure:4144: result: yes
configure:4144: checking for sys/param.h
configure:4144: gcc -c  -Wall -g -O2  conftest.c >&5
configure:4144: $? = 0
configure:4144: result: yes
configure:4164: checking for getpagesize
configure:4164: gcc -o conftest  -Wall -g -O2   conftest.c  >&5
configure:4164: $? = 0
configure:4164: result: yes
configure:4173: checking for working mmap
configure:4322: gcc -o conftest  -Wall -g -O2   conftest.c  >&5
configure:4322: $? = 0
configure:4322: ./conftest
configure:4322: $? = 0
configure:4332: result: yes
configure:4344: checking for gmtime_r
configure:4344: gcc -o conftest  -Wall -g -O2   conftest.c  >&5
configure:4344: $? = 0
configure:4344: result: yes
configure:4344: checking for fsync
configure:4344: gcc -o conftest  -Wall -g -O2   conftest.c  >&5
configure:4344: $? = 0
configure:4344: result: yes
configure:4344: checking for drand48
configure:4344: gcc -o conftest  -Wall -g -O2   conftest.c  >&5
configure:4344: $? = 0
configure:4344: result: yes
configure:4356: checking whether fdatasync is declared
configure:4356: gcc -c  -Wall -g -O2  conftest.c >&5
configure:4356: $? = 0
configure:4356: result: yes
configure:4360: checking for fdatasync
configure:4360: gcc -o conftest  -Wall -g -O2   conftest.c  >&5
configure:4360: $? = 0
configure:4360: result: yes
configure:4456: checking for library containing log
configure:4487: gcc -o conftest  -Wall -g -O2   conftest.c  >&5
conftest.c:36:6: warning: conflicting types for built-in function 'log'; expected 'double(double)' [-Wbuiltin-declaration-mismatch]
   36 | char log ();
      |      ^~~
conftest.c:1:1: note: 'log' is declared in header '<math.h>'
    1 | /* confdefs.h */
/usr/bin/ld: /tmp/ccFA5gmf.o: in function `main':
/home/joshuac/hypo_assembler_git_final/hypo-assembler/scaffold/libs/htslib-1.9/conftest.c:40: undefined reference to `log'
collect2: error: ld returned 1 exit status
configure:4487: $? = 1
configure: failed program was:
| /* confdefs.h */
| #define PACKAGE_NAME "HTSlib"
| #define PACKAGE_TARNAME "htslib"
| #define PACKAGE_VERSION "1.9"
| #define PACKAGE_STRING "HTSlib 1.9"
| #define PACKAGE_BUGREPORT "samtools-help@lists.sourceforge.net"
| #define PACKAGE_URL "http://www.htslib.org/"
| #define HAVE_FSEEKO 1
| #define STDC_HEADERS 1
| #define HAVE_SYS_TYPES_H 1
| #define HAVE_SYS_STAT_H 1
| #define HAVE_STDLIB_H 1
| #define HAVE_STRING_H 1
| #define HAVE_MEMORY_H 1
| #define HAVE_STRINGS_H 1
| #define HAVE_INTTYPES_H 1
| #define HAVE_STDINT_H 1
| #define HAVE_UNISTD_H 1
| #define HAVE_STDLIB_H 1
| #define HAVE_UNISTD_H 1
| #define HAVE_SYS_PARAM_H 1
| #define HAVE_GETPAGESIZE 1
| #define HAVE_MMAP 1
| #define HAVE_GMTIME_R 1
| #define HAVE_FSYNC 1
| #define HAVE_DRAND48 1
| #define HAVE_FDATASYNC 1
| /* end confdefs.h.  */
| 
| /* Override any GCC internal prototype to avoid an error.
|    Use char because int might match the return type of a GCC
|    builtin and then its argument prototype would still apply.  */
| #ifdef __cplusplus
| extern "C"
| #endif
| char log ();
| int
| main ()
| {
| return log ();
|   ;
|   return 0;
| }
configure:4487: gcc -o conftest  -Wall -g -O2   conftest.c -lm   >&5
conftest.c:36:6: warning: conflicting types for built-in function 'log'; expected 'double(double)' [-Wbuiltin-declaration-mismatch]
   36 | char log ();
      |      ^~~
conftest.c:1:1: note: 'log' is declared in header '<math.h>'
    1 | /* confdefs.h */
configure:4487: $? = 0
configure:4504: result: -lm
configure:4524: checking for zlib.h
configure:4524: gcc -c  -Wall -g -O2  conftest.c >&5
configure:4524: $? = 0
configure:4524: result: yes
configure:4533: checking for inflate in -lz
configure:4558: gcc -o conftest  -Wall -g -O2   conftest.c -lz  -lm  >&5
configure:4558: $? = 0
configure:4567: result: yes
configure:4598: checking for library containing recv
configure:4629: gcc -o conftest  -Wall -g -O2   conftest.c -lz -lm  >&5
configure:4629: $? = 0
configure:4646: result: none required
configure:4840: checking for libdeflate.h
configure:4840: gcc -c  -Wall -g -O2  conftest.c >&5
conftest.c:32:10: fatal error: libdeflate.h: No such file or directory
   32 | #include <libdeflate.h>
      |          ^~~~~~~~~~~~~~
compilation terminated.
configure:4840: $? = 1
configure: failed program was:
| /* confdefs.h */
| #define PACKAGE_NAME "HTSlib"
| #define PACKAGE_TARNAME "htslib"
| #define PACKAGE_VERSION "1.9"
| #define PACKAGE_STRING "HTSlib 1.9"
| #define PACKAGE_BUGREPORT "samtools-help@lists.sourceforge.net"
| #define PACKAGE_URL "http://www.htslib.org/"
| #define HAVE_FSEEKO 1
| #define STDC_HEADERS 1
| #define HAVE_SYS_TYPES_H 1
| #define HAVE_SYS_STAT_H 1
| #define HAVE_STDLIB_H 1
| #define HAVE_STRING_H 1
| #define HAVE_MEMORY_H 1
| #define HAVE_STRINGS_H 1
| #define HAVE_INTTYPES_H 1
| #define HAVE_STDINT_H 1
| #define HAVE_UNISTD_H 1
| #define HAVE_STDLIB_H 1
| #define HAVE_UNISTD_H 1
| #define HAVE_SYS_PARAM_H 1
| #define HAVE_GETPAGESIZE 1
| #define HAVE_MMAP 1
| #define HAVE_GMTIME_R 1
| #define HAVE_FSYNC 1
| #define HAVE_DRAND48 1
| #define HAVE_FDATASYNC 1
| #define HAVE_LIBZ 1
| /* end confdefs.h.  */
| ;
| 
| #include <libdeflate.h>
configure:4840: result: no
configure:4849: checking for libdeflate_deflate_compress in -ldeflate
configure:4874: gcc -o conftest  -Wall -g -O2   conftest.c -ldeflate  -lz -lm  >&5
/usr/bin/ld: cannot find -ldeflate
collect2: error: ld returned 1 exit status
configure:4874: $? = 1
configure: failed program was:
| /* confdefs.h */
| #define PACKAGE_NAME "HTSlib"
| #define PACKAGE_TARNAME "htslib"
| #define PACKAGE_VERSION "1.9"
| #define PACKAGE_STRING "HTSlib 1.9"
| #define PACKAGE_BUGREPORT "samtools-help@lists.sourceforge.net"
| #define PACKAGE_URL "http://www.htslib.org/"
| #define HAVE_FSEEKO 1
| #define STDC_HEADERS 1
| #define HAVE_SYS_TYPES_H 1
| #define HAVE_SYS_STAT_H 1
| #define HAVE_STDLIB_H 1
| #define HAVE_STRING_H 1
| #define HAVE_MEMORY_H 1
| #define HAVE_STRINGS_H 1
| #define HAVE_INTTYPES_H 1
| #define HAVE_STDINT_H 1
| #define HAVE_UNISTD_H 1
| #define HAVE_STDLIB_H 1
| #define HAVE_UNISTD_H 1
| #define HAVE_SYS_PARAM_H 1
| #define HAVE_GETPAGESIZE 1
| #define HAVE_MMAP 1
| #define HAVE_GMTIME_R 1
| #define HAVE_FSYNC 1
| #define HAVE_DRAND48 1
| #define HAVE_FDATASYNC 1
| #define HAVE_LIBZ 1
| /* end confdefs.h.  */
| 
| /* Override any GCC internal prototype to avoid an error.
|    Use char because int might match the return type of a GCC
|    builtin and then its argument prototype would still apply.  */
| #ifdef __cplusplus
| extern "C"
| #endif
| char libdeflate_deflate_compress ();
| int
| main ()
| {
| return libdeflate_deflate_compress ();
|   ;
|   return 0;
| }
configure:4883: result: no
configure:4925: checking for curl_easy_pause in -lcurl
configure:4950: gcc -o conftest  -Wall -g -O2   conftest.c -lcurl  -lz -lm  >&5
configure:4950: $? = 0
configure:4959: result: yes
configure:5090: checking for CCHmac
configure:5090: gcc -o conftest  -Wall -g -O2   conftest.c -lz -lm  >&5
/usr/bin/ld: /tmp/ccFzgiQ6.o: in function `main':
/home/joshuac/hypo_assembler_git_final/hypo-assembler/scaffold/libs/htslib-1.9/conftest.c:66: undefined reference to `CCHmac'
collect2: error: ld returned 1 exit status
configure:5090: $? = 1
configure: failed program was:
| /* confdefs.h */
| #define PACKAGE_NAME "HTSlib"
| #define PACKAGE_TARNAME "htslib"
| #define PACKAGE_VERSION "1.9"
| #define PACKAGE_STRING "HTSlib 1.9"
| #define PACKAGE_BUGREPORT "samtools-help@lists.sourceforge.net"
| #define PACKAGE_URL "http://www.htslib.org/"
| #define HAVE_FSEEKO 1
| #define STDC_HEADERS 1
| #define HAVE_SYS_TYPES_H 1
| #define HAVE_SYS_STAT_H 1
| #define HAVE_STDLIB_H 1
| #define HAVE_STRING_H 1
| #define HAVE_MEMORY_H 1
| #define HAVE_STRINGS_H 1
| #define HAVE_INTTYPES_H 1
| #define HAVE_STDINT_H 1
| #define HAVE_UNISTD_H 1
| #define HAVE_STDLIB_H 1
| #define HAVE_UNISTD_H 1
| #define HAVE_SYS_PARAM_H 1
| #define HAVE_GETPAGESIZE 1
| #define HAVE_MMAP 1
| #define HAVE_GMTIME_R 1
| #define HAVE_FSYNC 1
| #define HAVE_DRAND48 1
| #define HAVE_FDATASYNC 1
| #define HAVE_LIBZ 1
| #define HAVE_LIBCURL 1
| #define ENABLE_GCS 1
| /* end confdefs.h.  */
| /* Define CCHmac to an innocuous variant, in case <limits.h> declares CCHmac.
|    For example, HP-UX 11i <limits.h> declares gettimeofday.  */
| #define CCHmac innocuous_CCHmac
| 
| /* System header to define __stub macros and hopefully few prototypes,
|     which can conflict with char CCHmac (); below.
|     Prefer <limits.h> to <assert.h> if __STDC__ is defined, since
|     <limits.h> exists even on freestanding compilers.  */
| 
| #ifdef __STDC__
| # include <limits.h>
| #else
| # include <assert.h>
| #endif
| 
| #undef CCHmac
| 
| /* Override any GCC internal prototype to avoid an error.
|    Use char because int might match the return type of a GCC
|    builtin and then its argument prototype would still apply.  */
| #ifdef __cplusplus
| extern "C"
| #endif
| char CCHmac ();
| /* The GNU C library defines this for functions which it implements
|     to always fail with ENOSYS.  Some functions are actually named
|     something starting with __ and the normal name is an alias.  */
| #if defined __stub_CCHmac || defined __stub___CCHmac
| choke me
| #endif
| 
| int
| main ()
| {
| return CCHmac ();
|   ;
|   return 0;
| }
configure:5090: result: no
configure:5097: checking for library containing HMAC
configure:5128: gcc -o conftest  -Wall -g -O2   conftest.c -lz -lm  >&5
/usr/bin/ld: /tmp/ccwu3z87.o: in function `main':
/home/joshuac/hypo_assembler_git_final/hypo-assembler/scaffold/libs/htslib-1.9/conftest.c:43: undefined reference to `HMAC'
collect2: error: ld returned 1 exit status
configure:5128: $? = 1
configure: failed program was:
| /* confdefs.h */
| #define PACKAGE_NAME "HTSlib"
| #define PACKAGE_TARNAME "htslib"
| #define PACKAGE_VERSION "1.9"
| #define PACKAGE_STRING "HTSlib 1.9"
| #define PACKAGE_BUGREPORT "samtools-help@lists.sourceforge.net"
| #define PACKAGE_URL "http://www.htslib.org/"
| #define HAVE_FSEEKO 1
| #define STDC_HEADERS 1
| #define HAVE_SYS_TYPES_H 1
| #define HAVE_SYS_STAT_H 1
| #define HAVE_STDLIB_H 1
| #define HAVE_STRING_H 1
| #define HAVE_MEMORY_H 1
| #define HAVE_STRINGS_H 1
| #define HAVE_INTTYPES_H 1
| #define HAVE_STDINT_H 1
| #define HAVE_UNISTD_H 1
| #define HAVE_STDLIB_H 1
| #define HAVE_UNISTD_H 1
| #define HAVE_SYS_PARAM_H 1
| #define HAVE_GETPAGESIZE 1
| #define HAVE_MMAP 1
| #define HAVE_GMTIME_R 1
| #define HAVE_FSYNC 1
| #define HAVE_DRAND48 1
| #define HAVE_FDATASYNC 1
| #define HAVE_LIBZ 1
| #define HAVE_LIBCURL 1
| #define ENABLE_GCS 1
| /* end confdefs.h.  */
| 
| /* Override any GCC internal prototype to avoid an error.
|    Use char because int might match the return type of a GCC
|    builtin and then its argument prototype would still apply.  */
| #ifdef __cplusplus
| extern "C"
| #endif
| char HMAC ();
| int
| main ()
| {
| return HMAC ();
|   ;
|   return 0;
| }
configure:5128: gcc -o conftest  -Wall -g -O2   conftest.c -lcrypto  -lz -lm  >&5
configure:5128: $? = 0
configure:5145: result: -lcrypto
configure:5187: checking whether PTHREAD_MUTEX_RECURSIVE is declared
configure:5187: gcc -c  -Wall -g -O2  conftest.c >&5
configure:5187: $? = 0
configure:5187: result: yes
configure:5324: creating ./config.status

## ---------------------- ##
## Running config.status. ##
## ---------------------- ##

This file was extended by HTSlib config.status 1.9, which was
generated by GNU Autoconf 2.69.  Invocation command line was

  CONFIG_FILES    = 
  CONFIG_HEADERS  = 
  CONFIG_LINKS    = 
  CONFIG_COMMANDS = 
  $ ./config.status 

on genome2

config.status:828: creating config.mk
config.status:828: creating htslib.pc.tmp
config.status:828: creating config.h
config.status:998: config.h is unchanged

## ---------------- ##
## Cache variables. ##
## ---------------- ##

ac_cv_c_compiler_gnu=yes
ac_cv_env_CC_set=
ac_cv_env_CC_value=
ac_cv_env_CFLAGS_set=
ac_cv_env_CFLAGS_value=
ac_cv_env_CPPFLAGS_set=
ac_cv_env_CPPFLAGS_value=
ac_cv_env_CPP_set=
ac_cv_env_CPP_value=
ac_cv_env_LDFLAGS_set=
ac_cv_env_LDFLAGS_value=
ac_cv_env_LIBS_set=
ac_cv_env_LIBS_value=
ac_cv_env_PKG_CONFIG_LIBDIR_set=
ac_cv_env_PKG_CONFIG_LIBDIR_value=
ac_cv_env_PKG_CONFIG_PATH_set=
ac_cv_env_PKG_CONFIG_PATH_value=
ac_cv_env_PKG_CONFIG_set=
ac_cv_env_PKG_CONFIG_value=
ac_cv_env_build_alias_set=
ac_cv_env_build_alias_value=
ac_cv_env_host_alias_set=
ac_cv_env_host_alias_value=
ac_cv_env_target_alias_set=
ac_cv_env_target_alias_value=
ac_cv_func_CCHmac=no
ac_cv_func_drand48=yes
ac_cv_func_fdatasync=yes
ac_cv_func_fsync=yes
ac_cv_func_getpagesize=yes
ac_cv_func_gmtime_r=yes
ac_cv_func_mmap_fixed_mapped=yes
ac_cv_have_decl_PTHREAD_MUTEX_RECURSIVE=yes
ac_cv_have_decl_fdatasync_int_=yes
ac_cv_header_inttypes_h=yes
ac_cv_header_libdeflate_h=no
ac_cv_header_memory_h=yes
ac_cv_header_stdc=yes
ac_cv_header_stdint_h=yes
ac_cv_header_stdlib_h=yes
ac_cv_header_string_h=yes
ac_cv_header_strings_h=yes
ac_cv_header_sys_param_h=yes
ac_cv_header_sys_stat_h=yes
ac_cv_header_sys_types_h=yes
ac_cv_header_unistd_h=yes
ac_cv_header_zlib_h=yes
ac_cv_lib_curl_curl_easy_pause=yes
ac_cv_lib_deflate_libdeflate_deflate_compress=no
ac_cv_lib_z_inflate=yes
ac_cv_objext=o
ac_cv_path_EGREP='/usr/bin/grep -E'
ac_cv_path_GREP=/usr/bin/grep
ac_cv_path_ac_pt_PKG_CONFIG=/usr/bin/pkg-config
ac_cv_prog_CPP='gcc -E'
ac_cv_prog_ac_ct_CC=gcc
ac_cv_prog_ac_ct_RANLIB=ranlib
ac_cv_prog_cc_c89=
ac_cv_prog_cc_g=yes
ac_cv_search_HMAC=-lcrypto
ac_cv_search_log=-lm
ac_cv_search_recv='none required'
ac_cv_sys_file_offset_bits=no
ac_cv_sys_largefile_CC=no
ac_cv_sys_largefile_source=no
hts_cv_prog_cc_warnings=-Wall

## ----------------- ##
## Output variables. ##
## ----------------- ##

CC='gcc'
CFLAGS=' -Wall -g -O2'
CPP='gcc -E'
CPPFLAGS=''
CRYPTO_LIBS='-lcrypto'
DEFS='-DHAVE_CONFIG_H'
ECHO_C=''
ECHO_N='-n'
ECHO_T=''
EGREP='/usr/bin/grep -E'
EXEEXT=''
GREP='/usr/bin/grep'
LDFLAGS=''
LIBOBJS=''
LIBS='-lz -lm '
LTLIBOBJS=''
OBJEXT='o'
PACKAGE_BUGREPORT='samtools-help@lists.sourceforge.net'
PACKAGE_NAME='HTSlib'
PACKAGE_STRING='HTSlib 1.9'
PACKAGE_TARNAME='htslib'
PACKAGE_URL='http://www.htslib.org/'
PACKAGE_VERSION='1.9'
PATH_SEPARATOR=':'
PKG_CONFIG='/usr/bin/pkg-config'
PKG_CONFIG_LIBDIR=''
PKG_CONFIG_PATH=''
PLATFORM='default'
PLUGIN_EXT='.so'
RANLIB='ranlib'
SHELL='/bin/bash'
ac_ct_CC='gcc'
bindir='${exec_prefix}/bin'
build_alias=''
datadir='${datarootdir}'
datarootdir='${prefix}/share'
docdir='${datarootdir}/doc/${PACKAGE_TARNAME}'
dvidir='${docdir}'
enable_plugins='no'
exec_prefix='${prefix}'
gcs='enabled'
host_alias='unknown-Linux'
htmldir='${docdir}'
includedir='${prefix}/include'
infodir='${datarootdir}/info'
libcurl='enabled'
libdir='${exec_prefix}/lib'
libexecdir='${exec_prefix}/libexec'
localedir='${datarootdir}/locale'
localstatedir='${prefix}/var'
mandir='${datarootdir}/man'
oldincludedir='/usr/include'
pc_requires=''
pdfdir='${docdir}'
plugindir='$(libexecdir)/htslib'
pluginpath='$(libexecdir)/htslib'
prefix='/home/joshuac/hypo_assembler_git_final/hypo-assembler/scaffold/libs/htslib-1.9'
private_LIBS=''
program_transform_name='s,x,x,'
psdir='${docdir}'
runstatedir='${localstatedir}/run'
s3='enabled'
sbindir='${exec_prefix}/sbin'
sharedstatedir='${prefix}/com'
static_LDFLAGS=''
static_LIBS='-lpthread -lz -lm -lcurl -lcrypto'
sysconfdir='${prefix}/etc'
target_alias=''

## ----------- ##
## confdefs.h. ##
## ----------- ##

/* confdefs.h */
#define PACKAGE_NAME "HTSlib"
#define PACKAGE_TARNAME "htslib"
#define PACKAGE_VERSION "1.9"
#define PACKAGE_STRING "HTSlib 1.9"
#define PACKAGE_BUGREPORT "samtools-help@lists.sourceforge.net"
#define PACKAGE_URL "http://www.htslib.org/"
#define HAVE_FSEEKO 1
#define STDC_HEADERS 1
#define HAVE_SYS_TYPES_H 1
#define HAVE_SYS_STAT_H 1
#define HAVE_STDLIB_H 1
#define HAVE_STRING_H 1
#define HAVE_MEMORY_H 1
#define HAVE_STRINGS_H 1
#define HAVE_INTTYPES_H 1
#define HAVE_STDINT_H 1
#define HAVE_UNISTD_H 1
#define HAVE_STDLIB_H 1
#define HAVE_UNISTD_H 1
#define HAVE_SYS_PARAM_H 1
#define HAVE_GETPAGESIZE 1
#define HAVE_MMAP 1
#define HAVE_GMTIME_R 1
#define HAVE_FSYNC 1
#define HAVE_DRAND48 1
#define HAVE_FDATASYNC 1
#define HAVE_LIBZ 1
#define HAVE_LIBCURL 1
#define ENABLE_GCS 1
#define HAVE_HMAC 1
#define ENABLE_S3 1

configure: exit 0
